[debug] [2023-05-10T10:46:35.660Z] ----------------------------------------------------------------------
[debug] [2023-05-10T10:46:35.662Z] Command:       C:\Program Files\nodejs\node.exe C:\Users\Prashant.Shigvan\AppData\Roaming\npm\node_modules\firebase-tools\lib\bin\firebase.js init
[debug] [2023-05-10T10:46:35.662Z] CLI Version:   12.0.0
[debug] [2023-05-10T10:46:35.662Z] Platform:      win32
[debug] [2023-05-10T10:46:35.663Z] Node Version:  v16.15.1
[debug] [2023-05-10T10:46:35.663Z] Time:          Wed May 10 2023 16:16:35 GMT+0530 (India Standard Time)
[debug] [2023-05-10T10:46:35.663Z] ----------------------------------------------------------------------
[debug] 
[debug] [2023-05-10T10:46:35.666Z] >>> [apiv2][query] GET https://firebase-public.firebaseio.com/cli.json [none]
[debug] [2023-05-10T10:46:35.683Z] > command requires scopes: ["email","openid","https://www.googleapis.com/auth/cloudplatformprojects.readonly","https://www.googleapis.com/auth/firebase","https://www.googleapis.com/auth/cloud-platform"]
[debug] [2023-05-10T10:46:35.684Z] > authorizing via signed-in user (prashant.shigvan@teknopoint.in)
[info] 
     ######## #### ########  ######## ########     ###     ######  ########
     ##        ##  ##     ## ##       ##     ##  ##   ##  ##       ##
     ######    ##  ########  ######   ########  #########  ######  ######
     ##        ##  ##    ##  ##       ##     ## ##     ##       ## ##
     ##       #### ##     ## ######## ########  ##     ##  ######  ########

You're about to initialize a Firebase project in this directory:

  D:\static page\ROYAL CARS Free Website Template - Free-CSS.com\car-rental-html-template

[warn] !  Unable to fetch the CLI MOTD and remote config. 
[debug] [2023-05-10T10:46:36.130Z] Failed to fetch MOTD FirebaseError: Failed to make request to https://firebase-public.firebaseio.com/cli.json
[info] 
=== Project Setup
[info] 
[info] First, let's associate this project directory with a Firebase project.
[info] You can create multiple project aliases by running firebase use --add, 
[info] but for now we'll just set up a default project.
[info] 
[debug] [2023-05-10T10:46:43.872Z] >>> [apiv2][query] GET https://firebase.googleapis.com/v1beta1/projects pageSize=100
[debug] [2023-05-10T10:46:44.147Z] Failed to make request to https://firebase.googleapis.com/v1beta1/projects?pageSize=100
[debug] [2023-05-10T10:46:44.762Z] FirebaseError: Failed to make request to https://firebase.googleapis.com/v1beta1/projects?pageSize=100
    at RetryOperation._fn (C:\Users\Prashant.Shigvan\AppData\Roaming\npm\node_modules\firebase-tools\lib\apiv2.js:242:31)
    at processTicksAndRejections (node:internal/process/task_queues:96:5)
[error] 
[error] Error: Failed to list Firebase projects. See firebase-debug.log for more info.
